Using pre-set license
Built from '2020.3/staging' branch; Version is '2020.3.9f1 (108be757e447) revision 1084391'; Using compiler version '192528614'; Build Type 'Release'
OS: 'Windows 10 Pro; OS build 19042.1052; Version 2009; 64bit' Language: 'pt' Physical Memory: 8029 MB
BatchMode: 1, IsHumanControllingUs: 0, StartBugReporterOnCrash: 0, Is64bit: 1, IsPro: 0

 COMMAND LINE ARGUMENTS:
C:\Program Files\Unity\Hub\Editor\2020.3.9f1\Editor\Unity.exe
-adb2
-batchMode
-noUpm
-name
AssetImportWorker0
-projectPath
C:/Users/David/Documents/UFABC/IPJ/Projetos/ContraOCorona2
-logFile
Logs/AssetImportWorker0.log
-srvPort
56014
Successfully changed project path to: C:/Users/David/Documents/UFABC/IPJ/Projetos/ContraOCorona2
C:/Users/David/Documents/UFABC/IPJ/Projetos/ContraOCorona2
Using Asset Import Pipeline V2.
Refreshing native plugins compatible for Editor in 35.28 ms, found 1 plugins.
Preloading 0 native plugins for Editor in 0.00 ms.
Initialize engine version: 2020.3.9f1 (108be757e447)
[Subsystems] Discovering subsystems at path C:/Program Files/Unity/Hub/Editor/2020.3.9f1/Editor/Data/Resources/UnitySubsystems
[Subsystems] Discovering subsystems at path C:/Users/David/Documents/UFABC/IPJ/Projetos/ContraOCorona2/Assets
GfxDevice: creating device client; threaded=0
Direct3D:
    Version:  Direct3D 11.0 [level 11.1]
    Renderer: NVIDIA GeForce GTX 1650 (ID=0x1f91)
    Vendor:   
    VRAM:     3962 MB
    Driver:   27.21.14.6140
Initialize mono
Mono path[0] = 'C:/Program Files/Unity/Hub/Editor/2020.3.9f1/Editor/Data/Managed'
Mono path[1] = 'C:/Program Files/Unity/Hub/Editor/2020.3.9f1/Editor/Data/MonoBleedingEdge/lib/mono/unityjit'
Mono config path = 'C:/Program Files/Unity/Hub/Editor/2020.3.9f1/Editor/Data/MonoBleedingEdge/etc'
Using monoOptions --debugger-agent=transport=dt_socket,embedding=1,server=y,suspend=n,address=127.0.0.1:56792
Begin MonoManager ReloadAssembly
Registering precompiled unity dll's ...
Register platform support module: C:/Program Files/Unity/Hub/Editor/2020.3.9f1/Editor/Data/PlaybackEngines/WindowsStandaloneSupport/UnityEditor.WindowsStandalone.Extensions.dll
Registered in 0.002253 seconds.
Native extension for WindowsStandalone target not found
Refreshing native plugins compatible for Editor in 36.77 ms, found 1 plugins.
Preloading 0 native plugins for Editor in 0.00 ms.
Mono: successfully reloaded assembly
- Completed reload, in  1.126 seconds
Platform modules already initialized, skipping
Registering precompiled user dll's ...
Registered in 0.000994 seconds.
Begin MonoManager ReloadAssembly
Native extension for WindowsStandalone target not found
Refreshing native plugins compatible for Editor in 39.41 ms, found 1 plugins.
Preloading 0 native plugins for Editor in 0.00 ms.
Mono: successfully reloaded assembly
- Completed reload, in  0.964 seconds
Platform modules already initialized, skipping
========================================================================
Worker process is ready to serve import requests
Launched and connected shader compiler UnityShaderCompiler.exe after 0.04 seconds
Refreshing native plugins compatible for Editor in 0.47 ms, found 1 plugins.
Preloading 0 native plugins for Editor in 0.00 ms.
Unloading 1808 Unused Serialized files (Serialized files now loaded: 0)
System memory in use before: 84.9 MB.
System memory in use after: 84.8 MB.

Unloading 24 unused Assets to reduce memory usage. Loaded Objects now: 2250.
Total: 2.104500 ms (FindLiveObjects: 0.174800 ms CreateObjectMapping: 0.055300 ms MarkObjects: 1.760700 ms  DeleteObjects: 0.112900 ms)

========================================================================
Received Import Request.
  path: Assets/Scenes/SampleScene.unity
  artifactKey: Guid(2cda990e2423bbf4892e6590ba056729) Importer(815301076,1909f56bfc062723c751e8b465ee728b)
Start importing Assets/Scenes/SampleScene.unity using Guid(2cda990e2423bbf4892e6590ba056729) Importer(815301076,1909f56bfc062723c751e8b465ee728b)  -> (artifact id: 'aa27944bdea339c97c39027c7eea529c') in 0.016082 seconds
  Import took 0.019596 seconds .

========================================================================
Received Import Request.
  Time since last request: 0.000319 seconds.
  path: Assets/Scenes
  artifactKey: Guid(367d43861891de549930218787dd17d0) Importer(815301076,1909f56bfc062723c751e8b465ee728b)
Start importing Assets/Scenes using Guid(367d43861891de549930218787dd17d0) Importer(815301076,1909f56bfc062723c751e8b465ee728b)  -> (artifact id: 'a426a5b2365a6ddfe90608e4090459b6') in 0.006015 seconds
  Import took 0.008690 seconds .

========================================================================
Received Import Request.
  Time since last request: 25.951822 seconds.
  path: Assets
  artifactKey: Guid(00000000000000001000000000000000) Importer(815301076,1909f56bfc062723c751e8b465ee728b)
Start importing Assets using Guid(00000000000000001000000000000000) Importer(815301076,1909f56bfc062723c751e8b465ee728b)  -> (artifact id: '42d402b061de3733987d63b9cc3b64de') in 0.008369 seconds
  Import took 0.013103 seconds .

========================================================================
Received Import Request.
  Time since last request: 0.000645 seconds.
  path: Assets
  artifactKey: Guid(00000000000000001000000000000000) Importer(815301076,1909f56bfc062723c751e8b465ee728b)
Start importing Assets using Guid(00000000000000001000000000000000) Importer(815301076,1909f56bfc062723c751e8b465ee728b)  -> (artifact id: '42d402b061de3733987d63b9cc3b64de') in 0.002170 seconds
  Import took 0.005844 seconds .

========================================================================
Received Import Request.
  Time since last request: 4.586635 seconds.
  path: Assets/Sprites
  artifactKey: Guid(b87d715fe8162684e997de64aff07ef1) Importer(815301076,1909f56bfc062723c751e8b465ee728b)
Start importing Assets/Sprites using Guid(b87d715fe8162684e997de64aff07ef1) Importer(815301076,1909f56bfc062723c751e8b465ee728b)  -> (artifact id: '38501e8aa768af0b6c8373b346fbb021') in 0.007786 seconds
  Import took 0.013383 seconds .

========================================================================
Received Import Request.
  Time since last request: 61.621864 seconds.
  path: Assets/Sprites/maopulando.png
  artifactKey: Guid(e925eeaf2d7ff6749a8166fe10d1c6ee) Importer(815301076,1909f56bfc062723c751e8b465ee728b)
Start importing Assets/Sprites/maopulando.png using Guid(e925eeaf2d7ff6749a8166fe10d1c6ee) Importer(815301076,1909f56bfc062723c751e8b465ee728b)  -> (artifact id: 'cdba81bd825b79cf481f30d7fbaff2fd') in 0.078623 seconds
  Import took 0.082890 seconds .

========================================================================
Received Import Request.
  Time since last request: 0.000290 seconds.
  path: Assets/Sprites/virus.png
  artifactKey: Guid(c6b7573569e06904b9edde023872c212) Importer(815301076,1909f56bfc062723c751e8b465ee728b)
Start importing Assets/Sprites/virus.png using Guid(c6b7573569e06904b9edde023872c212) Importer(815301076,1909f56bfc062723c751e8b465ee728b)  -> (artifact id: '0a462b6f95b0dedc3c81ae2ff793dcf3') in 0.013106 seconds
  Import took 0.016321 seconds .

========================================================================
Received Import Request.
  Time since last request: 0.000273 seconds.
  path: Assets/Sprites/maospritecor.png
  artifactKey: Guid(42eca5198f3328049a7906a2cc12f062) Importer(815301076,1909f56bfc062723c751e8b465ee728b)
Start importing Assets/Sprites/maospritecor.png using Guid(42eca5198f3328049a7906a2cc12f062) Importer(815301076,1909f56bfc062723c751e8b465ee728b)  -> (artifact id: 'cd56ba32420def1b00693f25496c3327') in 0.014649 seconds
  Import took 0.017836 seconds .

========================================================================
Received Import Request.
  Time since last request: 0.000266 seconds.
  path: Assets/Sprites/rua.png
  artifactKey: Guid(ebc059a3a7c68d541958237c29cfd7ae) Importer(815301076,1909f56bfc062723c751e8b465ee728b)
Start importing Assets/Sprites/rua.png using Guid(ebc059a3a7c68d541958237c29cfd7ae) Importer(815301076,1909f56bfc062723c751e8b465ee728b)  -> (artifact id: 'f7c30055274ee45cc100eb55d3c25469') in 0.015490 seconds
  Import took 0.019370 seconds .

========================================================================
Received Import Request.
  Time since last request: 62.129363 seconds.
  path: Assets/Sprites/maospritecor.png
  artifactKey: Guid(42eca5198f3328049a7906a2cc12f062) Importer(815301076,1909f56bfc062723c751e8b465ee728b)
Start importing Assets/Sprites/maospritecor.png using Guid(42eca5198f3328049a7906a2cc12f062) Importer(815301076,1909f56bfc062723c751e8b465ee728b)  -> (artifact id: 'c622f03c66263e23dab70f76683300b3') in 0.013350 seconds
  Import took 0.016531 seconds .

========================================================================
Received Import Request.
  Time since last request: 0.002135 seconds.
  path: Assets/Sprites/maospritecor.png
  artifactKey: Guid(42eca5198f3328049a7906a2cc12f062) Importer(815301076,1909f56bfc062723c751e8b465ee728b)
Start importing Assets/Sprites/maospritecor.png using Guid(42eca5198f3328049a7906a2cc12f062) Importer(815301076,1909f56bfc062723c751e8b465ee728b)  -> (artifact id: 'c622f03c66263e23dab70f76683300b3') in 0.005196 seconds
  Import took 0.008381 seconds .

========================================================================
Received Import Request.
  Time since last request: 42.749989 seconds.
  path: Assets/Sprites/maospritecor.png
  artifactKey: Guid(42eca5198f3328049a7906a2cc12f062) Importer(815301076,1909f56bfc062723c751e8b465ee728b)
Start importing Assets/Sprites/maospritecor.png using Guid(42eca5198f3328049a7906a2cc12f062) Importer(815301076,1909f56bfc062723c751e8b465ee728b)  -> (artifact id: '2ca25731f9aa98756e6f0a360dceab8b') in 0.027276 seconds
  Import took 0.030705 seconds .

========================================================================
Received Import Request.
  Time since last request: 95.509880 seconds.
  path: Assets/Sprites/rua.png
  artifactKey: Guid(ebc059a3a7c68d541958237c29cfd7ae) Importer(815301076,1909f56bfc062723c751e8b465ee728b)
Start importing Assets/Sprites/rua.png using Guid(ebc059a3a7c68d541958237c29cfd7ae) Importer(815301076,1909f56bfc062723c751e8b465ee728b)  -> (artifact id: '6bb24b88d766f6643bcde92ae84ee077') in 0.008088 seconds
  Import took 0.011523 seconds .

========================================================================
Received Import Request.
  Time since last request: 10.385054 seconds.
  path: Assets/Sprites/maopulando.png
  artifactKey: Guid(e925eeaf2d7ff6749a8166fe10d1c6ee) Importer(815301076,1909f56bfc062723c751e8b465ee728b)
Start importing Assets/Sprites/maopulando.png using Guid(e925eeaf2d7ff6749a8166fe10d1c6ee) Importer(815301076,1909f56bfc062723c751e8b465ee728b)  -> (artifact id: 'b3c7bb95b5c9c098b72cdfa5401e79df') in 0.006527 seconds
  Import took 0.009536 seconds .

========================================================================
Received Import Request.
  Time since last request: 0.010560 seconds.
  path: Assets/Sprites/maopulando.png
  artifactKey: Guid(e925eeaf2d7ff6749a8166fe10d1c6ee) Importer(815301076,1909f56bfc062723c751e8b465ee728b)
Start importing Assets/Sprites/maopulando.png using Guid(e925eeaf2d7ff6749a8166fe10d1c6ee) Importer(815301076,1909f56bfc062723c751e8b465ee728b)  -> (artifact id: 'b3c7bb95b5c9c098b72cdfa5401e79df') in 0.008820 seconds
  Import took 0.012403 seconds .

========================================================================
Received Prepare
Registering precompiled user dll's ...
Registered in 0.000935 seconds.
Begin MonoManager ReloadAssembly
Native extension for WindowsStandalone target not found
Refreshing native plugins compatible for Editor in 0.38 ms, found 1 plugins.
Preloading 0 native plugins for Editor in 0.00 ms.
Mono: successfully reloaded assembly
- Completed reload, in  0.762 seconds
Platform modules already initialized, skipping
Refreshing native plugins compatible for Editor in 0.33 ms, found 1 plugins.
Preloading 0 native plugins for Editor in 0.00 ms.
Unloading 1803 Unused Serialized files (Serialized files now loaded: 0)
System memory in use before: 87.9 MB.
System memory in use after: 87.9 MB.

Unloading 12 unused Assets to reduce memory usage. Loaded Objects now: 2278.
Total: 1.965700 ms (FindLiveObjects: 0.173900 ms CreateObjectMapping: 0.051600 ms MarkObjects: 1.648800 ms  DeleteObjects: 0.090700 ms)

========================================================================
Received Prepare
Registering precompiled user dll's ...
Registered in 0.000887 seconds.
Begin MonoManager ReloadAssembly
Native extension for WindowsStandalone target not found
Refreshing native plugins compatible for Editor in 0.33 ms, found 1 plugins.
Preloading 0 native plugins for Editor in 0.00 ms.
Mono: successfully reloaded assembly
- Completed reload, in  0.776 seconds
Platform modules already initialized, skipping
Refreshing native plugins compatible for Editor in 0.65 ms, found 1 plugins.
Preloading 0 native plugins for Editor in 0.00 ms.
Unloading 1803 Unused Serialized files (Serialized files now loaded: 0)
System memory in use before: 87.9 MB.
System memory in use after: 87.9 MB.

Unloading 12 unused Assets to reduce memory usage. Loaded Objects now: 2282.
Total: 1.917000 ms (FindLiveObjects: 0.164900 ms CreateObjectMapping: 0.057600 ms MarkObjects: 1.601800 ms  DeleteObjects: 0.091800 ms)

========================================================================
Received Prepare
Registering precompiled user dll's ...
Registered in 0.000915 seconds.
Begin MonoManager ReloadAssembly
Native extension for WindowsStandalone target not found
Refreshing native plugins compatible for Editor in 0.35 ms, found 1 plugins.
Preloading 0 native plugins for Editor in 0.00 ms.
Mono: successfully reloaded assembly
- Completed reload, in  0.819 seconds
Platform modules already initialized, skipping
Refreshing native plugins compatible for Editor in 0.35 ms, found 1 plugins.
Preloading 0 native plugins for Editor in 0.00 ms.
Unloading 1803 Unused Serialized files (Serialized files now loaded: 0)
System memory in use before: 88.0 MB.
System memory in use after: 87.9 MB.

Unloading 12 unused Assets to reduce memory usage. Loaded Objects now: 2286.
Total: 2.407300 ms (FindLiveObjects: 0.175800 ms CreateObjectMapping: 0.049800 ms MarkObjects: 2.033800 ms  DeleteObjects: 0.147100 ms)

========================================================================
Received Prepare
Registering precompiled user dll's ...
Registered in 0.001403 seconds.
Begin MonoManager ReloadAssembly
Native extension for WindowsStandalone target not found
Refreshing native plugins compatible for Editor in 0.35 ms, found 1 plugins.
Preloading 0 native plugins for Editor in 0.00 ms.
Mono: successfully reloaded assembly
- Completed reload, in  0.745 seconds
Platform modules already initialized, skipping
Refreshing native plugins compatible for Editor in 0.34 ms, found 1 plugins.
Preloading 0 native plugins for Editor in 0.00 ms.
Unloading 1803 Unused Serialized files (Serialized files now loaded: 0)
System memory in use before: 88.0 MB.
System memory in use after: 88.0 MB.

Unloading 12 unused Assets to reduce memory usage. Loaded Objects now: 2290.
Total: 1.987500 ms (FindLiveObjects: 0.173400 ms CreateObjectMapping: 0.053400 ms MarkObjects: 1.659500 ms  DeleteObjects: 0.100400 ms)

========================================================================
Received Prepare
Registering precompiled user dll's ...
Registered in 0.000903 seconds.
Begin MonoManager ReloadAssembly
Native extension for WindowsStandalone target not found
Refreshing native plugins compatible for Editor in 0.37 ms, found 1 plugins.
Preloading 0 native plugins for Editor in 0.00 ms.
Mono: successfully reloaded assembly
- Completed reload, in  0.744 seconds
Platform modules already initialized, skipping
Refreshing native plugins compatible for Editor in 0.33 ms, found 1 plugins.
Preloading 0 native plugins for Editor in 0.00 ms.
Unloading 1803 Unused Serialized files (Serialized files now loaded: 0)
System memory in use before: 88.0 MB.
System memory in use after: 88.0 MB.

Unloading 12 unused Assets to reduce memory usage. Loaded Objects now: 2294.
Total: 2.031700 ms (FindLiveObjects: 0.167800 ms CreateObjectMapping: 0.072000 ms MarkObjects: 1.692000 ms  DeleteObjects: 0.098800 ms)

========================================================================
Received Prepare
Registering precompiled user dll's ...
Registered in 0.001550 seconds.
Begin MonoManager ReloadAssembly
Native extension for WindowsStandalone target not found
Refreshing native plugins compatible for Editor in 0.33 ms, found 1 plugins.
Preloading 0 native plugins for Editor in 0.00 ms.
Mono: successfully reloaded assembly
- Completed reload, in  0.965 seconds
Platform modules already initialized, skipping
Refreshing native plugins compatible for Editor in 0.37 ms, found 1 plugins.
Preloading 0 native plugins for Editor in 0.00 ms.
Unloading 1803 Unused Serialized files (Serialized files now loaded: 0)
System memory in use before: 88.0 MB.
System memory in use after: 88.0 MB.

Unloading 12 unused Assets to reduce memory usage. Loaded Objects now: 2298.
Total: 2.151300 ms (FindLiveObjects: 0.188500 ms CreateObjectMapping: 0.058100 ms MarkObjects: 1.802500 ms  DeleteObjects: 0.101500 ms)

========================================================================
Received Import Request.
  Time since last request: 4598.466081 seconds.
  path: Assets/Scripts
  artifactKey: Guid(9e6b2aaad42f6cb48a2c51f1c5f13c19) Importer(815301076,1909f56bfc062723c751e8b465ee728b)
Start importing Assets/Scripts using Guid(9e6b2aaad42f6cb48a2c51f1c5f13c19) Importer(815301076,1909f56bfc062723c751e8b465ee728b)  -> (artifact id: 'bcf4625dcbaa7d771cf0f0872607449b') in 0.011452 seconds
  Import took 0.015007 seconds .

========================================================================
Received Import Request.
  Time since last request: 0.002127 seconds.
  path: Assets/Scripts
  artifactKey: Guid(9e6b2aaad42f6cb48a2c51f1c5f13c19) Importer(815301076,1909f56bfc062723c751e8b465ee728b)
Start importing Assets/Scripts using Guid(9e6b2aaad42f6cb48a2c51f1c5f13c19) Importer(815301076,1909f56bfc062723c751e8b465ee728b)  -> (artifact id: 'bcf4625dcbaa7d771cf0f0872607449b') in 0.002014 seconds
  Import took 0.005136 seconds .

========================================================================
Received Import Request.
  Time since last request: 17.750287 seconds.
  path: Assets/Scripts/Hand.cs
  artifactKey: Guid(597158e7f7e2dc64da61a0f43cdfc6b0) Importer(815301076,1909f56bfc062723c751e8b465ee728b)
Start importing Assets/Scripts/Hand.cs using Guid(597158e7f7e2dc64da61a0f43cdfc6b0) Importer(815301076,1909f56bfc062723c751e8b465ee728b)  -> (artifact id: '60dd9bdc5792349352619c797443d3f2') in 0.013121 seconds
  Import took 0.015893 seconds .

========================================================================
Received Prepare
Registering precompiled user dll's ...
Registered in 0.001747 seconds.
Begin MonoManager ReloadAssembly
Native extension for WindowsStandalone target not found
Refreshing native plugins compatible for Editor in 0.32 ms, found 1 plugins.
Preloading 0 native plugins for Editor in 0.00 ms.
Mono: successfully reloaded assembly
- Completed reload, in  0.801 seconds
Platform modules already initialized, skipping
Refreshing native plugins compatible for Editor in 0.32 ms, found 1 plugins.
Preloading 0 native plugins for Editor in 0.00 ms.
Unloading 1804 Unused Serialized files (Serialized files now loaded: 0)
System memory in use before: 88.1 MB.
System memory in use after: 88.0 MB.

Unloading 12 unused Assets to reduce memory usage. Loaded Objects now: 2303.
Total: 2.052400 ms (FindLiveObjects: 0.156800 ms CreateObjectMapping: 0.054600 ms MarkObjects: 1.739400 ms  DeleteObjects: 0.100700 ms)

========================================================================
Received Import Request.
  Time since last request: 479.261060 seconds.
  path: Assets/Scripts/Hand.cs
  artifactKey: Guid(597158e7f7e2dc64da61a0f43cdfc6b0) Importer(815301076,1909f56bfc062723c751e8b465ee728b)
Start importing Assets/Scripts/Hand.cs using Guid(597158e7f7e2dc64da61a0f43cdfc6b0) Importer(815301076,1909f56bfc062723c751e8b465ee728b)  -> (artifact id: '2eb404ca24998fad3257bba37972726f') in 0.006906 seconds
  Import took 0.010862 seconds .

========================================================================
Received Prepare
Registering precompiled user dll's ...
Registered in 0.000973 seconds.
Begin MonoManager ReloadAssembly
Native extension for WindowsStandalone target not found
Refreshing native plugins compatible for Editor in 0.32 ms, found 1 plugins.
Preloading 0 native plugins for Editor in 0.00 ms.
Mono: successfully reloaded assembly
- Completed reload, in  0.796 seconds
Platform modules already initialized, skipping
Refreshing native plugins compatible for Editor in 0.32 ms, found 1 plugins.
Preloading 0 native plugins for Editor in 0.00 ms.
Unloading 1804 Unused Serialized files (Serialized files now loaded: 0)
System memory in use before: 88.1 MB.
System memory in use after: 88.1 MB.

Unloading 12 unused Assets to reduce memory usage. Loaded Objects now: 2307.
Total: 1.997800 ms (FindLiveObjects: 0.182600 ms CreateObjectMapping: 0.053000 ms MarkObjects: 1.661000 ms  DeleteObjects: 0.100500 ms)

========================================================================
Received Import Request.
  Time since last request: 55.672368 seconds.
  path: Assets/Scripts/Hand.cs
  artifactKey: Guid(597158e7f7e2dc64da61a0f43cdfc6b0) Importer(815301076,1909f56bfc062723c751e8b465ee728b)
Start importing Assets/Scripts/Hand.cs using Guid(597158e7f7e2dc64da61a0f43cdfc6b0) Importer(815301076,1909f56bfc062723c751e8b465ee728b)  -> (artifact id: '3d65b6abac173c60e8ac41ce37b94f72') in 0.006090 seconds
  Import took 0.010452 seconds .

========================================================================
Received Prepare
Registering precompiled user dll's ...
Registered in 0.001008 seconds.
Begin MonoManager ReloadAssembly
Native extension for WindowsStandalone target not found
Refreshing native plugins compatible for Editor in 0.34 ms, found 1 plugins.
Preloading 0 native plugins for Editor in 0.00 ms.
Mono: successfully reloaded assembly
- Completed reload, in  0.843 seconds
Platform modules already initialized, skipping
Refreshing native plugins compatible for Editor in 0.42 ms, found 1 plugins.
Preloading 0 native plugins for Editor in 0.00 ms.
Unloading 1804 Unused Serialized files (Serialized files now loaded: 0)
System memory in use before: 88.1 MB.
System memory in use after: 88.1 MB.

Unloading 12 unused Assets to reduce memory usage. Loaded Objects now: 2311.
Total: 2.212900 ms (FindLiveObjects: 0.278700 ms CreateObjectMapping: 0.073500 ms MarkObjects: 1.737700 ms  DeleteObjects: 0.121600 ms)

========================================================================
Received Import Request.
  Time since last request: 34.556422 seconds.
  path: Assets/Scripts/Hand.cs
  artifactKey: Guid(597158e7f7e2dc64da61a0f43cdfc6b0) Importer(815301076,1909f56bfc062723c751e8b465ee728b)
Start importing Assets/Scripts/Hand.cs using Guid(597158e7f7e2dc64da61a0f43cdfc6b0) Importer(815301076,1909f56bfc062723c751e8b465ee728b)  -> (artifact id: 'a3b6265b664a308c85a5a109edec3685') in 0.005420 seconds
  Import took 0.010520 seconds .

========================================================================
Received Prepare
Registering precompiled user dll's ...
Registered in 0.000929 seconds.
Begin MonoManager ReloadAssembly
Native extension for WindowsStandalone target not found
Refreshing native plugins compatible for Editor in 0.38 ms, found 1 plugins.
Preloading 0 native plugins for Editor in 0.00 ms.
Mono: successfully reloaded assembly
- Completed reload, in  0.767 seconds
Platform modules already initialized, skipping
Refreshing native plugins compatible for Editor in 0.32 ms, found 1 plugins.
Preloading 0 native plugins for Editor in 0.00 ms.
Unloading 1804 Unused Serialized files (Serialized files now loaded: 0)
System memory in use before: 88.1 MB.
System memory in use after: 88.1 MB.

Unloading 12 unused Assets to reduce memory usage. Loaded Objects now: 2315.
Total: 2.243800 ms (FindLiveObjects: 0.185900 ms CreateObjectMapping: 0.061800 ms MarkObjects: 1.896100 ms  DeleteObjects: 0.099200 ms)

========================================================================
Received Prepare
Registering precompiled user dll's ...
Registered in 0.000891 seconds.
Begin MonoManager ReloadAssembly
Native extension for WindowsStandalone target not found
Refreshing native plugins compatible for Editor in 0.33 ms, found 1 plugins.
Preloading 0 native plugins for Editor in 0.00 ms.
Mono: successfully reloaded assembly
- Completed reload, in  0.789 seconds
Platform modules already initialized, skipping
Refreshing native plugins compatible for Editor in 0.32 ms, found 1 plugins.
Preloading 0 native plugins for Editor in 0.00 ms.
Unloading 1804 Unused Serialized files (Serialized files now loaded: 0)
System memory in use before: 88.1 MB.
System memory in use after: 88.1 MB.

Unloading 12 unused Assets to reduce memory usage. Loaded Objects now: 2319.
Total: 2.075900 ms (FindLiveObjects: 0.169600 ms CreateObjectMapping: 0.061700 ms MarkObjects: 1.743500 ms  DeleteObjects: 0.100300 ms)

========================================================================
Received Prepare
Registering precompiled user dll's ...
Registered in 0.001592 seconds.
Begin MonoManager ReloadAssembly
Native extension for WindowsStandalone target not found
Refreshing native plugins compatible for Editor in 0.36 ms, found 1 plugins.
Preloading 0 native plugins for Editor in 0.00 ms.
Mono: successfully reloaded assembly
- Completed reload, in  0.861 seconds
Platform modules already initialized, skipping
Refreshing native plugins compatible for Editor in 0.38 ms, found 1 plugins.
Preloading 0 native plugins for Editor in 0.00 ms.
Unloading 1804 Unused Serialized files (Serialized files now loaded: 0)
System memory in use before: 88.1 MB.
System memory in use after: 88.1 MB.

Unloading 12 unused Assets to reduce memory usage. Loaded Objects now: 2323.
Total: 2.428800 ms (FindLiveObjects: 0.231000 ms CreateObjectMapping: 0.076500 ms MarkObjects: 2.003300 ms  DeleteObjects: 0.117300 ms)

AssetImportWorkerClient::OnTransportError - code=2 error=End of file
